<?xml version="1.0" encoding="UTF-8"?>
<testsuite xmlns:xsi="http://www.w3.org/2001/XMLSchema-instance" xsi:noNamespaceSchemaLocation="https://maven.apache.org/surefire/maven-surefire-plugin/xsd/surefire-test-report-3.0.xsd" version="3.0" name="TestSuite" time="555.347" tests="5" errors="0" skipped="0" failures="0">
  <properties>
    <property name="java.specification.version" value="21"/>
    <property name="webdriver.chrome.driver" value="/Users/harshitha/.cache/selenium/chromedriver/mac64/133.0.6943.141/chromedriver"/>
    <property name="sun.jnu.encoding" value="UTF-8"/>
    <property name="java.class.path" value="/Users/harshitha/Desktop/WebappAutomation/WebShopperAutomation/target/test-classes:/Users/harshitha/Desktop/WebappAutomation/WebShopperAutomation/target/classes:/Users/harshitha/.m2/repository/org/seleniumhq/selenium/selenium-java/4.29.0/selenium-java-4.29.0.jar:/Users/harshitha/.m2/repository/org/seleniumhq/selenium/selenium-api/4.29.0/selenium-api-4.29.0.jar:/Users/harshitha/.m2/repository/org/jspecify/jspecify/1.0.0/jspecify-1.0.0.jar:/Users/harshitha/.m2/repository/org/seleniumhq/selenium/selenium-chrome-driver/4.29.0/selenium-chrome-driver-4.29.0.jar:/Users/harshitha/.m2/repository/com/google/auto/service/auto-service-annotations/1.1.1/auto-service-annotations-1.1.1.jar:/Users/harshitha/.m2/repository/org/seleniumhq/selenium/selenium-chromium-driver/4.29.0/selenium-chromium-driver-4.29.0.jar:/Users/harshitha/.m2/repository/org/seleniumhq/selenium/selenium-json/4.29.0/selenium-json-4.29.0.jar:/Users/harshitha/.m2/repository/org/seleniumhq/selenium/selenium-manager/4.29.0/selenium-manager-4.29.0.jar:/Users/harshitha/.m2/repository/org/seleniumhq/selenium/selenium-devtools-v131/4.29.0/selenium-devtools-v131-4.29.0.jar:/Users/harshitha/.m2/repository/org/seleniumhq/selenium/selenium-devtools-v132/4.29.0/selenium-devtools-v132-4.29.0.jar:/Users/harshitha/.m2/repository/org/seleniumhq/selenium/selenium-devtools-v133/4.29.0/selenium-devtools-v133-4.29.0.jar:/Users/harshitha/.m2/repository/org/seleniumhq/selenium/selenium-devtools-v85/4.29.0/selenium-devtools-v85-4.29.0.jar:/Users/harshitha/.m2/repository/org/seleniumhq/selenium/selenium-edge-driver/4.29.0/selenium-edge-driver-4.29.0.jar:/Users/harshitha/.m2/repository/org/seleniumhq/selenium/selenium-firefox-driver/4.29.0/selenium-firefox-driver-4.29.0.jar:/Users/harshitha/.m2/repository/org/seleniumhq/selenium/selenium-http/4.29.0/selenium-http-4.29.0.jar:/Users/harshitha/.m2/repository/org/seleniumhq/selenium/selenium-ie-driver/4.29.0/selenium-ie-driver-4.29.0.jar:/Users/harshitha/.m2/repository/org/seleniumhq/selenium/selenium-remote-driver/4.29.0/selenium-remote-driver-4.29.0.jar:/Users/harshitha/.m2/repository/io/opentelemetry/semconv/opentelemetry-semconv/1.28.0-alpha/opentelemetry-semconv-1.28.0-alpha.jar:/Users/harshitha/.m2/repository/io/opentelemetry/opentelemetry-api/1.46.0/opentelemetry-api-1.46.0.jar:/Users/harshitha/.m2/repository/io/opentelemetry/opentelemetry-context/1.46.0/opentelemetry-context-1.46.0.jar:/Users/harshitha/.m2/repository/io/opentelemetry/opentelemetry-exporter-logging/1.46.0/opentelemetry-exporter-logging-1.46.0.jar:/Users/harshitha/.m2/repository/io/opentelemetry/opentelemetry-sdk-common/1.46.0/opentelemetry-sdk-common-1.46.0.jar:/Users/harshitha/.m2/repository/io/opentelemetry/opentelemetry-sdk-extension-autoconfigure-spi/1.46.0/opentelemetry-sdk-extension-autoconfigure-spi-1.46.0.jar:/Users/harshitha/.m2/repository/io/opentelemetry/opentelemetry-sdk-extension-autoconfigure/1.46.0/opentelemetry-sdk-extension-autoconfigure-1.46.0.jar:/Users/harshitha/.m2/repository/io/opentelemetry/opentelemetry-api-incubator/1.46.0-alpha/opentelemetry-api-incubator-1.46.0-alpha.jar:/Users/harshitha/.m2/repository/io/opentelemetry/opentelemetry-sdk-trace/1.46.0/opentelemetry-sdk-trace-1.46.0.jar:/Users/harshitha/.m2/repository/io/opentelemetry/opentelemetry-sdk/1.46.0/opentelemetry-sdk-1.46.0.jar:/Users/harshitha/.m2/repository/io/opentelemetry/opentelemetry-sdk-metrics/1.46.0/opentelemetry-sdk-metrics-1.46.0.jar:/Users/harshitha/.m2/repository/io/opentelemetry/opentelemetry-sdk-logs/1.46.0/opentelemetry-sdk-logs-1.46.0.jar:/Users/harshitha/.m2/repository/net/bytebuddy/byte-buddy/1.15.11/byte-buddy-1.15.11.jar:/Users/harshitha/.m2/repository/org/seleniumhq/selenium/selenium-os/4.29.0/selenium-os-4.29.0.jar:/Users/harshitha/.m2/repository/org/apache/commons/commons-exec/1.4.0/commons-exec-1.4.0.jar:/Users/harshitha/.m2/repository/org/seleniumhq/selenium/selenium-safari-driver/4.29.0/selenium-safari-driver-4.29.0.jar:/Users/harshitha/.m2/repository/org/seleniumhq/selenium/selenium-support/4.29.0/selenium-support-4.29.0.jar:/Users/harshitha/.m2/repository/org/testng/testng/7.10.2/testng-7.10.2.jar:/Users/harshitha/.m2/repository/org/slf4j/slf4j-api/1.7.36/slf4j-api-1.7.36.jar:/Users/harshitha/.m2/repository/com/beust/jcommander/1.82/jcommander-1.82.jar:/Users/harshitha/.m2/repository/org/webjars/jquery/3.7.1/jquery-3.7.1.jar:/Users/harshitha/.m2/repository/io/github/bonigarcia/webdrivermanager/5.9.3/webdrivermanager-5.9.3.jar:/Users/harshitha/.m2/repository/com/google/code/gson/gson/2.12.1/gson-2.12.1.jar:/Users/harshitha/.m2/repository/com/google/errorprone/error_prone_annotations/2.36.0/error_prone_annotations-2.36.0.jar:/Users/harshitha/.m2/repository/com/github/docker-java/docker-java/3.4.1/docker-java-3.4.1.jar:/Users/harshitha/.m2/repository/com/github/docker-java/docker-java-core/3.4.1/docker-java-core-3.4.1.jar:/Users/harshitha/.m2/repository/com/github/docker-java/docker-java-api/3.4.1/docker-java-api-3.4.1.jar:/Users/harshitha/.m2/repository/com/fasterxml/jackson/core/jackson-annotations/2.10.3/jackson-annotations-2.10.3.jar:/Users/harshitha/.m2/repository/com/fasterxml/jackson/core/jackson-databind/2.10.3/jackson-databind-2.10.3.jar:/Users/harshitha/.m2/repository/org/slf4j/jcl-over-slf4j/1.7.30/jcl-over-slf4j-1.7.30.jar:/Users/harshitha/.m2/repository/com/github/docker-java/docker-java-transport-httpclient5/3.4.1/docker-java-transport-httpclient5-3.4.1.jar:/Users/harshitha/.m2/repository/com/github/docker-java/docker-java-transport/3.4.1/docker-java-transport-3.4.1.jar:/Users/harshitha/.m2/repository/net/java/dev/jna/jna/5.13.0/jna-5.13.0.jar:/Users/harshitha/.m2/repository/org/brotli/dec/0.1.2/dec-0.1.2.jar:/Users/harshitha/.m2/repository/org/apache/commons/commons-lang3/3.17.0/commons-lang3-3.17.0.jar:/Users/harshitha/.m2/repository/org/apache/commons/commons-compress/1.27.1/commons-compress-1.27.1.jar:/Users/harshitha/.m2/repository/commons-io/commons-io/2.16.1/commons-io-2.16.1.jar:/Users/harshitha/.m2/repository/org/apache/httpcomponents/client5/httpclient5/5.2.1/httpclient5-5.2.1.jar:/Users/harshitha/.m2/repository/org/apache/httpcomponents/core5/httpcore5/5.2/httpcore5-5.2.jar:/Users/harshitha/.m2/repository/org/apache/httpcomponents/core5/httpcore5-h2/5.2/httpcore5-h2-5.2.jar:/Users/harshitha/.m2/repository/com/aventstack/extentreports/5.1.2/extentreports-5.1.2.jar:/Users/harshitha/.m2/repository/io/reactivex/rxjava3/rxjava/3.1.6/rxjava-3.1.6.jar:/Users/harshitha/.m2/repository/org/reactivestreams/reactive-streams/1.0.4/reactive-streams-1.0.4.jar:/Users/harshitha/.m2/repository/org/freemarker/freemarker/2.3.32/freemarker-2.3.32.jar:/Users/harshitha/.m2/repository/org/projectlombok/lombok/1.18.26/lombok-1.18.26.jar:/Users/harshitha/.m2/repository/org/apache/logging/log4j/log4j-core/2.24.3/log4j-core-2.24.3.jar:/Users/harshitha/.m2/repository/org/apache/logging/log4j/log4j-api/2.24.3/log4j-api-2.24.3.jar:/Users/harshitha/.m2/repository/com/sun/mail/javax.mail/1.6.2/javax.mail-1.6.2.jar:/Users/harshitha/.m2/repository/javax/activation/activation/1.1/activation-1.1.jar:/Users/harshitha/.m2/repository/org/apache/commons/commons-email/1.6.0/commons-email-1.6.0.jar:/Users/harshitha/.m2/repository/com/sun/mail/jakarta.mail/1.6.7/jakarta.mail-1.6.7.jar:/Users/harshitha/.m2/repository/com/sun/activation/jakarta.activation/1.2.2/jakarta.activation-1.2.2.jar:/Users/harshitha/.m2/repository/org/aspectj/aspectjweaver/1.9.20.1/aspectjweaver-1.9.20.1.jar:/Users/harshitha/.m2/repository/com/google/api-client/google-api-client/2.7.1/google-api-client-2.7.1.jar:/Users/harshitha/.m2/repository/commons-codec/commons-codec/1.17.1/commons-codec-1.17.1.jar:/Users/harshitha/.m2/repository/com/google/auth/google-auth-library-credentials/1.30.0/google-auth-library-credentials-1.30.0.jar:/Users/harshitha/.m2/repository/com/google/auth/google-auth-library-oauth2-http/1.30.0/google-auth-library-oauth2-http-1.30.0.jar:/Users/harshitha/.m2/repository/com/google/auto/value/auto-value-annotations/1.11.0/auto-value-annotations-1.11.0.jar:/Users/harshitha/.m2/repository/com/google/code/findbugs/jsr305/3.0.2/jsr305-3.0.2.jar:/Users/harshitha/.m2/repository/com/google/http-client/google-http-client-gson/1.45.2/google-http-client-gson-1.45.2.jar:/Users/harshitha/.m2/repository/com/google/guava/guava/33.1.0-jre/guava-33.1.0-jre.jar:/Users/harshitha/.m2/repository/com/google/guava/failureaccess/1.0.2/failureaccess-1.0.2.jar:/Users/harshitha/.m2/repository/com/google/guava/listenablefuture/9999.0-empty-to-avoid-conflict-with-guava/listenablefuture-9999.0-empty-to-avoid-conflict-with-guava.jar:/Users/harshitha/.m2/repository/org/checkerframework/checker-qual/3.42.0/checker-qual-3.42.0.jar:/Users/harshitha/.m2/repository/com/google/j2objc/j2objc-annotations/3.0.0/j2objc-annotations-3.0.0.jar:/Users/harshitha/.m2/repository/com/google/http-client/google-http-client-apache-v2/1.45.2/google-http-client-apache-v2-1.45.2.jar:/Users/harshitha/.m2/repository/org/apache/httpcomponents/httpcore/4.4.16/httpcore-4.4.16.jar:/Users/harshitha/.m2/repository/org/apache/httpcomponents/httpclient/4.5.14/httpclient-4.5.14.jar:/Users/harshitha/.m2/repository/commons-logging/commons-logging/1.2/commons-logging-1.2.jar:/Users/harshitha/.m2/repository/com/google/http-client/google-http-client/1.45.2/google-http-client-1.45.2.jar:/Users/harshitha/.m2/repository/io/grpc/grpc-context/1.68.2/grpc-context-1.68.2.jar:/Users/harshitha/.m2/repository/io/grpc/grpc-api/1.68.2/grpc-api-1.68.2.jar:/Users/harshitha/.m2/repository/io/opencensus/opencensus-api/0.31.1/opencensus-api-0.31.1.jar:/Users/harshitha/.m2/repository/io/opencensus/opencensus-contrib-http-util/0.31.1/opencensus-contrib-http-util-0.31.1.jar:/Users/harshitha/.m2/repository/com/google/oauth-client/google-oauth-client/1.37.0/google-oauth-client-1.37.0.jar:/Users/harshitha/.m2/repository/com/google/apis/google-api-services-sheets/v4-rev614-1.18.0-rc/google-api-services-sheets-v4-rev614-1.18.0-rc.jar:/Users/harshitha/.m2/repository/com/google/http-client/google-http-client-jackson2/1.41.5/google-http-client-jackson2-1.41.5.jar:/Users/harshitha/.m2/repository/com/fasterxml/jackson/core/jackson-core/2.13.2/jackson-core-2.13.2.jar:"/>
    <property name="java.vm.vendor" value="Oracle Corporation"/>
    <property name="sun.arch.data.model" value="64"/>
    <property name="java.vendor.url" value="https://java.oracle.com/"/>
    <property name="user.timezone" value="Asia/Kolkata"/>
    <property name="os.name" value="Mac OS X"/>
    <property name="java.vm.specification.version" value="21"/>
    <property name="sun.java.launcher" value="SUN_STANDARD"/>
    <property name="user.country" value="GB"/>
    <property name="sun.boot.library.path" value="/Users/harshitha/Library/Java/JavaVirtualMachines/openjdk-21.0.2/Contents/Home/lib"/>
    <property name="sun.java.command" value="/Users/harshitha/Desktop/WebappAutomation/WebShopperAutomation/target/surefire/surefirebooter-20250304124853557_3.jar /Users/harshitha/Desktop/WebappAutomation/WebShopperAutomation/target/surefire 2025-03-04T12-48-53_247-jvmRun1 surefire-20250304124853557_1tmp surefire_0-20250304124853557_2tmp"/>
    <property name="jdk.debug" value="release"/>
    <property name="surefire.test.class.path" value="/Users/harshitha/Desktop/WebappAutomation/WebShopperAutomation/target/test-classes:/Users/harshitha/Desktop/WebappAutomation/WebShopperAutomation/target/classes:/Users/harshitha/.m2/repository/org/seleniumhq/selenium/selenium-java/4.29.0/selenium-java-4.29.0.jar:/Users/harshitha/.m2/repository/org/seleniumhq/selenium/selenium-api/4.29.0/selenium-api-4.29.0.jar:/Users/harshitha/.m2/repository/org/jspecify/jspecify/1.0.0/jspecify-1.0.0.jar:/Users/harshitha/.m2/repository/org/seleniumhq/selenium/selenium-chrome-driver/4.29.0/selenium-chrome-driver-4.29.0.jar:/Users/harshitha/.m2/repository/com/google/auto/service/auto-service-annotations/1.1.1/auto-service-annotations-1.1.1.jar:/Users/harshitha/.m2/repository/org/seleniumhq/selenium/selenium-chromium-driver/4.29.0/selenium-chromium-driver-4.29.0.jar:/Users/harshitha/.m2/repository/org/seleniumhq/selenium/selenium-json/4.29.0/selenium-json-4.29.0.jar:/Users/harshitha/.m2/repository/org/seleniumhq/selenium/selenium-manager/4.29.0/selenium-manager-4.29.0.jar:/Users/harshitha/.m2/repository/org/seleniumhq/selenium/selenium-devtools-v131/4.29.0/selenium-devtools-v131-4.29.0.jar:/Users/harshitha/.m2/repository/org/seleniumhq/selenium/selenium-devtools-v132/4.29.0/selenium-devtools-v132-4.29.0.jar:/Users/harshitha/.m2/repository/org/seleniumhq/selenium/selenium-devtools-v133/4.29.0/selenium-devtools-v133-4.29.0.jar:/Users/harshitha/.m2/repository/org/seleniumhq/selenium/selenium-devtools-v85/4.29.0/selenium-devtools-v85-4.29.0.jar:/Users/harshitha/.m2/repository/org/seleniumhq/selenium/selenium-edge-driver/4.29.0/selenium-edge-driver-4.29.0.jar:/Users/harshitha/.m2/repository/org/seleniumhq/selenium/selenium-firefox-driver/4.29.0/selenium-firefox-driver-4.29.0.jar:/Users/harshitha/.m2/repository/org/seleniumhq/selenium/selenium-http/4.29.0/selenium-http-4.29.0.jar:/Users/harshitha/.m2/repository/org/seleniumhq/selenium/selenium-ie-driver/4.29.0/selenium-ie-driver-4.29.0.jar:/Users/harshitha/.m2/repository/org/seleniumhq/selenium/selenium-remote-driver/4.29.0/selenium-remote-driver-4.29.0.jar:/Users/harshitha/.m2/repository/io/opentelemetry/semconv/opentelemetry-semconv/1.28.0-alpha/opentelemetry-semconv-1.28.0-alpha.jar:/Users/harshitha/.m2/repository/io/opentelemetry/opentelemetry-api/1.46.0/opentelemetry-api-1.46.0.jar:/Users/harshitha/.m2/repository/io/opentelemetry/opentelemetry-context/1.46.0/opentelemetry-context-1.46.0.jar:/Users/harshitha/.m2/repository/io/opentelemetry/opentelemetry-exporter-logging/1.46.0/opentelemetry-exporter-logging-1.46.0.jar:/Users/harshitha/.m2/repository/io/opentelemetry/opentelemetry-sdk-common/1.46.0/opentelemetry-sdk-common-1.46.0.jar:/Users/harshitha/.m2/repository/io/opentelemetry/opentelemetry-sdk-extension-autoconfigure-spi/1.46.0/opentelemetry-sdk-extension-autoconfigure-spi-1.46.0.jar:/Users/harshitha/.m2/repository/io/opentelemetry/opentelemetry-sdk-extension-autoconfigure/1.46.0/opentelemetry-sdk-extension-autoconfigure-1.46.0.jar:/Users/harshitha/.m2/repository/io/opentelemetry/opentelemetry-api-incubator/1.46.0-alpha/opentelemetry-api-incubator-1.46.0-alpha.jar:/Users/harshitha/.m2/repository/io/opentelemetry/opentelemetry-sdk-trace/1.46.0/opentelemetry-sdk-trace-1.46.0.jar:/Users/harshitha/.m2/repository/io/opentelemetry/opentelemetry-sdk/1.46.0/opentelemetry-sdk-1.46.0.jar:/Users/harshitha/.m2/repository/io/opentelemetry/opentelemetry-sdk-metrics/1.46.0/opentelemetry-sdk-metrics-1.46.0.jar:/Users/harshitha/.m2/repository/io/opentelemetry/opentelemetry-sdk-logs/1.46.0/opentelemetry-sdk-logs-1.46.0.jar:/Users/harshitha/.m2/repository/net/bytebuddy/byte-buddy/1.15.11/byte-buddy-1.15.11.jar:/Users/harshitha/.m2/repository/org/seleniumhq/selenium/selenium-os/4.29.0/selenium-os-4.29.0.jar:/Users/harshitha/.m2/repository/org/apache/commons/commons-exec/1.4.0/commons-exec-1.4.0.jar:/Users/harshitha/.m2/repository/org/seleniumhq/selenium/selenium-safari-driver/4.29.0/selenium-safari-driver-4.29.0.jar:/Users/harshitha/.m2/repository/org/seleniumhq/selenium/selenium-support/4.29.0/selenium-support-4.29.0.jar:/Users/harshitha/.m2/repository/org/testng/testng/7.10.2/testng-7.10.2.jar:/Users/harshitha/.m2/repository/org/slf4j/slf4j-api/1.7.36/slf4j-api-1.7.36.jar:/Users/harshitha/.m2/repository/com/beust/jcommander/1.82/jcommander-1.82.jar:/Users/harshitha/.m2/repository/org/webjars/jquery/3.7.1/jquery-3.7.1.jar:/Users/harshitha/.m2/repository/io/github/bonigarcia/webdrivermanager/5.9.3/webdrivermanager-5.9.3.jar:/Users/harshitha/.m2/repository/com/google/code/gson/gson/2.12.1/gson-2.12.1.jar:/Users/harshitha/.m2/repository/com/google/errorprone/error_prone_annotations/2.36.0/error_prone_annotations-2.36.0.jar:/Users/harshitha/.m2/repository/com/github/docker-java/docker-java/3.4.1/docker-java-3.4.1.jar:/Users/harshitha/.m2/repository/com/github/docker-java/docker-java-core/3.4.1/docker-java-core-3.4.1.jar:/Users/harshitha/.m2/repository/com/github/docker-java/docker-java-api/3.4.1/docker-java-api-3.4.1.jar:/Users/harshitha/.m2/repository/com/fasterxml/jackson/core/jackson-annotations/2.10.3/jackson-annotations-2.10.3.jar:/Users/harshitha/.m2/repository/com/fasterxml/jackson/core/jackson-databind/2.10.3/jackson-databind-2.10.3.jar:/Users/harshitha/.m2/repository/org/slf4j/jcl-over-slf4j/1.7.30/jcl-over-slf4j-1.7.30.jar:/Users/harshitha/.m2/repository/com/github/docker-java/docker-java-transport-httpclient5/3.4.1/docker-java-transport-httpclient5-3.4.1.jar:/Users/harshitha/.m2/repository/com/github/docker-java/docker-java-transport/3.4.1/docker-java-transport-3.4.1.jar:/Users/harshitha/.m2/repository/net/java/dev/jna/jna/5.13.0/jna-5.13.0.jar:/Users/harshitha/.m2/repository/org/brotli/dec/0.1.2/dec-0.1.2.jar:/Users/harshitha/.m2/repository/org/apache/commons/commons-lang3/3.17.0/commons-lang3-3.17.0.jar:/Users/harshitha/.m2/repository/org/apache/commons/commons-compress/1.27.1/commons-compress-1.27.1.jar:/Users/harshitha/.m2/repository/commons-io/commons-io/2.16.1/commons-io-2.16.1.jar:/Users/harshitha/.m2/repository/org/apache/httpcomponents/client5/httpclient5/5.2.1/httpclient5-5.2.1.jar:/Users/harshitha/.m2/repository/org/apache/httpcomponents/core5/httpcore5/5.2/httpcore5-5.2.jar:/Users/harshitha/.m2/repository/org/apache/httpcomponents/core5/httpcore5-h2/5.2/httpcore5-h2-5.2.jar:/Users/harshitha/.m2/repository/com/aventstack/extentreports/5.1.2/extentreports-5.1.2.jar:/Users/harshitha/.m2/repository/io/reactivex/rxjava3/rxjava/3.1.6/rxjava-3.1.6.jar:/Users/harshitha/.m2/repository/org/reactivestreams/reactive-streams/1.0.4/reactive-streams-1.0.4.jar:/Users/harshitha/.m2/repository/org/freemarker/freemarker/2.3.32/freemarker-2.3.32.jar:/Users/harshitha/.m2/repository/org/projectlombok/lombok/1.18.26/lombok-1.18.26.jar:/Users/harshitha/.m2/repository/org/apache/logging/log4j/log4j-core/2.24.3/log4j-core-2.24.3.jar:/Users/harshitha/.m2/repository/org/apache/logging/log4j/log4j-api/2.24.3/log4j-api-2.24.3.jar:/Users/harshitha/.m2/repository/com/sun/mail/javax.mail/1.6.2/javax.mail-1.6.2.jar:/Users/harshitha/.m2/repository/javax/activation/activation/1.1/activation-1.1.jar:/Users/harshitha/.m2/repository/org/apache/commons/commons-email/1.6.0/commons-email-1.6.0.jar:/Users/harshitha/.m2/repository/com/sun/mail/jakarta.mail/1.6.7/jakarta.mail-1.6.7.jar:/Users/harshitha/.m2/repository/com/sun/activation/jakarta.activation/1.2.2/jakarta.activation-1.2.2.jar:/Users/harshitha/.m2/repository/org/aspectj/aspectjweaver/1.9.20.1/aspectjweaver-1.9.20.1.jar:/Users/harshitha/.m2/repository/com/google/api-client/google-api-client/2.7.1/google-api-client-2.7.1.jar:/Users/harshitha/.m2/repository/commons-codec/commons-codec/1.17.1/commons-codec-1.17.1.jar:/Users/harshitha/.m2/repository/com/google/auth/google-auth-library-credentials/1.30.0/google-auth-library-credentials-1.30.0.jar:/Users/harshitha/.m2/repository/com/google/auth/google-auth-library-oauth2-http/1.30.0/google-auth-library-oauth2-http-1.30.0.jar:/Users/harshitha/.m2/repository/com/google/auto/value/auto-value-annotations/1.11.0/auto-value-annotations-1.11.0.jar:/Users/harshitha/.m2/repository/com/google/code/findbugs/jsr305/3.0.2/jsr305-3.0.2.jar:/Users/harshitha/.m2/repository/com/google/http-client/google-http-client-gson/1.45.2/google-http-client-gson-1.45.2.jar:/Users/harshitha/.m2/repository/com/google/guava/guava/33.1.0-jre/guava-33.1.0-jre.jar:/Users/harshitha/.m2/repository/com/google/guava/failureaccess/1.0.2/failureaccess-1.0.2.jar:/Users/harshitha/.m2/repository/com/google/guava/listenablefuture/9999.0-empty-to-avoid-conflict-with-guava/listenablefuture-9999.0-empty-to-avoid-conflict-with-guava.jar:/Users/harshitha/.m2/repository/org/checkerframework/checker-qual/3.42.0/checker-qual-3.42.0.jar:/Users/harshitha/.m2/repository/com/google/j2objc/j2objc-annotations/3.0.0/j2objc-annotations-3.0.0.jar:/Users/harshitha/.m2/repository/com/google/http-client/google-http-client-apache-v2/1.45.2/google-http-client-apache-v2-1.45.2.jar:/Users/harshitha/.m2/repository/org/apache/httpcomponents/httpcore/4.4.16/httpcore-4.4.16.jar:/Users/harshitha/.m2/repository/org/apache/httpcomponents/httpclient/4.5.14/httpclient-4.5.14.jar:/Users/harshitha/.m2/repository/commons-logging/commons-logging/1.2/commons-logging-1.2.jar:/Users/harshitha/.m2/repository/com/google/http-client/google-http-client/1.45.2/google-http-client-1.45.2.jar:/Users/harshitha/.m2/repository/io/grpc/grpc-context/1.68.2/grpc-context-1.68.2.jar:/Users/harshitha/.m2/repository/io/grpc/grpc-api/1.68.2/grpc-api-1.68.2.jar:/Users/harshitha/.m2/repository/io/opencensus/opencensus-api/0.31.1/opencensus-api-0.31.1.jar:/Users/harshitha/.m2/repository/io/opencensus/opencensus-contrib-http-util/0.31.1/opencensus-contrib-http-util-0.31.1.jar:/Users/harshitha/.m2/repository/com/google/oauth-client/google-oauth-client/1.37.0/google-oauth-client-1.37.0.jar:/Users/harshitha/.m2/repository/com/google/apis/google-api-services-sheets/v4-rev614-1.18.0-rc/google-api-services-sheets-v4-rev614-1.18.0-rc.jar:/Users/harshitha/.m2/repository/com/google/http-client/google-http-client-jackson2/1.41.5/google-http-client-jackson2-1.41.5.jar:/Users/harshitha/.m2/repository/com/fasterxml/jackson/core/jackson-core/2.13.2/jackson-core-2.13.2.jar:"/>
    <property name="sun.cpu.endian" value="little"/>
    <property name="user.home" value="/Users/harshitha"/>
    <property name="user.language" value="en"/>
    <property name="java.specification.vendor" value="Oracle Corporation"/>
    <property name="java.version.date" value="2024-01-16"/>
    <property name="java.home" value="/Users/harshitha/Library/Java/JavaVirtualMachines/openjdk-21.0.2/Contents/Home"/>
    <property name="file.separator" value="/"/>
    <property name="basedir" value="/Users/harshitha/Desktop/WebappAutomation/WebShopperAutomation"/>
    <property name="java.vm.compressedOopsMode" value="Zero based"/>
    <property name="line.separator" value="&#10;"/>
    <property name="java.vm.specification.vendor" value="Oracle Corporation"/>
    <property name="java.specification.name" value="Java Platform API Specification"/>
    <property name="apple.awt.application.name" value="ForkedBooter"/>
    <property name="surefire.real.class.path" value="/Users/harshitha/Desktop/WebappAutomation/WebShopperAutomation/target/surefire/surefirebooter-20250304124853557_3.jar"/>
    <property name="sun.management.compiler" value="HotSpot 64-Bit Tiered Compilers"/>
    <property name="java.runtime.version" value="21.0.2+13-58"/>
    <property name="user.name" value="harshitha"/>
    <property name="stdout.encoding" value="UTF-8"/>
    <property name="path.separator" value=":"/>
    <property name="os.version" value="15.3.1"/>
    <property name="java.runtime.name" value="OpenJDK Runtime Environment"/>
    <property name="file.encoding" value="UTF-8"/>
    <property name="java.vm.name" value="OpenJDK 64-Bit Server VM"/>
    <property name="localRepository" value="/Users/harshitha/.m2/repository"/>
    <property name="java.vendor.url.bug" value="https://bugreport.java.com/bugreport/"/>
    <property name="java.io.tmpdir" value="/var/folders/54/1klwwx910g7_741rd430ndnc0000gn/T/"/>
    <property name="java.version" value="21.0.2"/>
    <property name="user.dir" value="/Users/harshitha/Desktop/WebappAutomation/WebShopperAutomation"/>
    <property name="os.arch" value="x86_64"/>
    <property name="java.vm.specification.name" value="Java Virtual Machine Specification"/>
    <property name="native.encoding" value="UTF-8"/>
    <property name="java.library.path" value="/Users/harshitha/Library/Java/Extensions:/Library/Java/Extensions:/Network/Library/Java/Extensions:/System/Library/Java/Extensions:/usr/lib/java:."/>
    <property name="java.vm.info" value="mixed mode, sharing"/>
    <property name="stderr.encoding" value="UTF-8"/>
    <property name="java.vendor" value="Oracle Corporation"/>
    <property name="java.vm.version" value="21.0.2+13-58"/>
    <property name="sun.io.unicode.encoding" value="UnicodeBig"/>
    <property name="java.class.version" value="65.0"/>
  </properties>
  <testcase name="verifyFTCStoreLogoIsDisplayed[d7d29a35-0c3b-42df-b4bc-cd7eb52dfc93, FTC](1)" classname="com.mishipay.webshopper.testcases.FlyingTigerStorePageTest" time="12.314">
    <system-out><![CDATA[Test execution started...
Loaded Properties: {browser=chrome, test.url=https://test-webapp.mishipay.com/retailer/, DDF.store.id=e2028c93-d118-4b6b-9d50-7973eee5ef4f	, FTC.store.id=d7d29a35-0c3b-42df-b4bc-cd7eb52dfc93}
Loaded Store ID: d7d29a35-0c3b-42df-b4bc-cd7eb52dfc93
Store ID in setUp: d7d29a35-0c3b-42df-b4bc-cd7eb52dfc93
Loaded Properties: {browser=chrome, test.url=https://test-webapp.mishipay.com/retailer/, DDF.store.id=e2028c93-d118-4b6b-9d50-7973eee5ef4f	, FTC.store.id=d7d29a35-0c3b-42df-b4bc-cd7eb52dfc93}
Cookies dialog dismissed.
2025-03-04 12:49:19 [main] INFO  com.mishipay.webshopper.testcases.FlyingTigerStorePageTest - Starting FTC Test
Store ID: d7d29a35-0c3b-42df-b4bc-cd7eb52dfc93, Store Name: FTC
2025-03-04 12:49:31 [main] INFO  com.mishipay.webshopper.testcases.FlyingTigerStorePageTest - FTC Logo validation test executed successfully
]]></system-out>
    <system-err><![CDATA[SLF4J: Failed to load class "org.slf4j.impl.StaticLoggerBinder".
SLF4J: Defaulting to no-operation (NOP) logger implementation
SLF4J: See http://www.slf4j.org/codes.html#StaticLoggerBinder for further details.
]]></system-err>
  </testcase>
  <testcase name="verifyItemCanBeAddedToBasket[d7d29a35-0c3b-42df-b4bc-cd7eb52dfc93, FTC](1)" classname="com.mishipay.webshopper.testcases.FlyingTigerStorePageTest" time="33.166">
    <system-out><![CDATA[2025-03-04 12:49:31 [main] INFO  com.mishipay.webshopper.testcases.FlyingTigerStorePageTest - Resetting browser state
Loaded Store ID: d7d29a35-0c3b-42df-b4bc-cd7eb52dfc93
Store ID in setUp: d7d29a35-0c3b-42df-b4bc-cd7eb52dfc93
Loaded Properties: {browser=chrome, test.url=https://test-webapp.mishipay.com/retailer/, DDF.store.id=e2028c93-d118-4b6b-9d50-7973eee5ef4f	, FTC.store.id=d7d29a35-0c3b-42df-b4bc-cd7eb52dfc93}
Cookies dialog dismissed.
2025-03-04 12:49:59 [main] INFO  com.mishipay.webshopper.testcases.FlyingTigerStorePageTest - Barcode scanning function started
2025-03-04 12:50:10 [main] INFO  com.mishipay.webshopper.testcases.FlyingTigerStorePageTest - cannot scan button clicked successfully
2025-03-04 12:50:10 [main] INFO  com.mishipay.webshopper.testcases.FlyingTigerStorePageTest - entering the barcode now
2025-03-04 12:50:16 [main] INFO  com.mishipay.webshopper.testcases.FlyingTigerStorePageTest - Barcode scanning function executed successfully
2025-03-04 12:50:22 [main] INFO  com.mishipay.webshopper.testcases.FlyingTigerStorePageTest - clicking on submit button is success
2025-03-04 12:50:33 [main] INFO  com.mishipay.webshopper.testcases.FlyingTigerStorePageTest - clicking on basket button is success
]]></system-out>
  </testcase>
  <testcase name="verifyDonationPopupAppears[d7d29a35-0c3b-42df-b4bc-cd7eb52dfc93, FTC](1)" classname="com.mishipay.webshopper.testcases.FlyingTigerStorePageTest" time="46.999">
    <system-out><![CDATA[2025-03-04 12:50:33 [main] INFO  com.mishipay.webshopper.testcases.FlyingTigerStorePageTest - Resetting browser state
Loaded Store ID: d7d29a35-0c3b-42df-b4bc-cd7eb52dfc93
Store ID in setUp: d7d29a35-0c3b-42df-b4bc-cd7eb52dfc93
Loaded Properties: {browser=chrome, test.url=https://test-webapp.mishipay.com/retailer/, DDF.store.id=e2028c93-d118-4b6b-9d50-7973eee5ef4f	, FTC.store.id=d7d29a35-0c3b-42df-b4bc-cd7eb52dfc93}
Cookies dialog dismissed.
2025-03-04 12:51:06 [main] INFO  com.mishipay.webshopper.testcases.FlyingTigerStorePageTest - Barcode scanning function started
2025-03-04 12:51:15 [main] INFO  com.mishipay.webshopper.testcases.FlyingTigerStorePageTest - cannot scan button clicked successfully
2025-03-04 12:51:15 [main] INFO  com.mishipay.webshopper.testcases.FlyingTigerStorePageTest - entering the barcode now
2025-03-04 12:51:21 [main] INFO  com.mishipay.webshopper.testcases.FlyingTigerStorePageTest - Barcode scanning function executed successfully
2025-03-04 12:51:27 [main] INFO  com.mishipay.webshopper.testcases.FlyingTigerStorePageTest - clicking on submit button is success
2025-03-04 12:51:37 [main] INFO  com.mishipay.webshopper.testcases.FlyingTigerStorePageTest - clicking on basket button is success
2025-03-04 12:51:43 [main] INFO  com.mishipay.webshopper.testcases.FlyingTigerStorePageTest - waiting for donation pop up to appear
2025-03-04 12:51:44 [main] INFO  com.mishipay.webshopper.testcases.FlyingTigerStorePageTest - donation pop up to appear test executed successfully
2025-03-04 12:51:51 [main] INFO  com.mishipay.webshopper.testcases.FlyingTigerStorePageTest - fetching the text on the donation pop up
2025-03-04 12:51:51 [main] INFO  com.mishipay.webshopper.testcases.FlyingTigerStorePageTest - fetching the text on the donation pop up is successfullu executed 
2025-03-04 12:51:51 [main] INFO  com.mishipay.webshopper.testcases.FlyingTigerStorePageTest - clicking OK button on donation pop up test executing
Click successful
2025-03-04 12:51:53 [main] INFO  com.mishipay.webshopper.testcases.FlyingTigerStorePageTest - clicking OK button on donation pop up test executed successfully
]]></system-out>
  </testcase>
  <testcase name="verifyCheckoutButtonFunctionality[d7d29a35-0c3b-42df-b4bc-cd7eb52dfc93, FTC](1)" classname="com.mishipay.webshopper.testcases.FlyingTigerStorePageTest" time="78.983">
    <system-out><![CDATA[2025-03-04 12:51:53 [main] INFO  com.mishipay.webshopper.testcases.FlyingTigerStorePageTest - Resetting browser state
Loaded Store ID: d7d29a35-0c3b-42df-b4bc-cd7eb52dfc93
Store ID in setUp: d7d29a35-0c3b-42df-b4bc-cd7eb52dfc93
Loaded Properties: {browser=chrome, test.url=https://test-webapp.mishipay.com/retailer/, DDF.store.id=e2028c93-d118-4b6b-9d50-7973eee5ef4f	, FTC.store.id=d7d29a35-0c3b-42df-b4bc-cd7eb52dfc93}
Cookies dialog dismissed.
2025-03-04 12:52:20 [main] INFO  com.mishipay.webshopper.testcases.FlyingTigerStorePageTest - Barcode scanning function started
2025-03-04 12:52:31 [main] INFO  com.mishipay.webshopper.testcases.FlyingTigerStorePageTest - cannot scan button clicked successfully
2025-03-04 12:52:31 [main] INFO  com.mishipay.webshopper.testcases.FlyingTigerStorePageTest - entering the barcode now
2025-03-04 12:52:37 [main] INFO  com.mishipay.webshopper.testcases.FlyingTigerStorePageTest - Barcode scanning function executed successfully
2025-03-04 12:52:43 [main] INFO  com.mishipay.webshopper.testcases.FlyingTigerStorePageTest - clicking on submit button is success
2025-03-04 12:52:55 [main] INFO  com.mishipay.webshopper.testcases.FlyingTigerStorePageTest - clicking on basket button is success
2025-03-04 12:53:01 [main] INFO  com.mishipay.webshopper.testcases.FlyingTigerStorePageTest - waiting for donation pop up to appear
2025-03-04 12:53:03 [main] INFO  com.mishipay.webshopper.testcases.FlyingTigerStorePageTest - donation pop up to appear test executed successfully
2025-03-04 12:53:09 [main] INFO  com.mishipay.webshopper.testcases.FlyingTigerStorePageTest - fetching the text on the donation pop up
2025-03-04 12:53:11 [main] INFO  com.mishipay.webshopper.testcases.FlyingTigerStorePageTest - fetching the text on the donation pop up is successfullu executed 
2025-03-04 12:53:11 [main] INFO  com.mishipay.webshopper.testcases.FlyingTigerStorePageTest - clicking OK button on donation pop up test executing
Click successful
2025-03-04 12:53:13 [main] INFO  com.mishipay.webshopper.testcases.FlyingTigerStorePageTest - clicking OK button on donation pop up test executed successfully
2025-03-04 12:53:19 [main] INFO  com.mishipay.webshopper.testcases.FlyingTigerStorePageTest - waiting for checkout button to appear
2025-03-04 12:53:21 [main] INFO  com.mishipay.webshopper.testcases.FlyingTigerStorePageTest - clicked on checkout button successfully
2025-03-04 12:53:31 [main] INFO  com.mishipay.webshopper.testcases.FlyingTigerStorePageTest - clicked on checkout2 button successfully
2025-03-04 12:53:31 [main] INFO  com.mishipay.webshopper.testcases.FlyingTigerStorePageTest - app navigated to payment screen
]]></system-out>
  </testcase>
  <testcase name="verifyPaymentScreenFunctionality[d7d29a35-0c3b-42df-b4bc-cd7eb52dfc93, FTC](1)" classname="com.mishipay.webshopper.testcases.FlyingTigerStorePageTest" time="158.158">
    <system-out><![CDATA[2025-03-04 12:53:39 [main] INFO  com.mishipay.webshopper.testcases.FlyingTigerStorePageTest - Resetting browser state
Loaded Store ID: d7d29a35-0c3b-42df-b4bc-cd7eb52dfc93
Store ID in setUp: d7d29a35-0c3b-42df-b4bc-cd7eb52dfc93
Loaded Properties: {browser=chrome, test.url=https://test-webapp.mishipay.com/retailer/, DDF.store.id=e2028c93-d118-4b6b-9d50-7973eee5ef4f	, FTC.store.id=d7d29a35-0c3b-42df-b4bc-cd7eb52dfc93}
Cookies dialog dismissed.
2025-03-04 12:55:07 [main] INFO  com.mishipay.webshopper.testcases.FlyingTigerStorePageTest - Barcode scanning function started
2025-03-04 12:55:21 [main] INFO  com.mishipay.webshopper.testcases.FlyingTigerStorePageTest - cannot scan button clicked successfully
2025-03-04 12:55:21 [main] INFO  com.mishipay.webshopper.testcases.FlyingTigerStorePageTest - entering the barcode now
2025-03-04 12:55:27 [main] INFO  com.mishipay.webshopper.testcases.FlyingTigerStorePageTest - Barcode scanning function executed successfully
2025-03-04 12:55:34 [main] INFO  com.mishipay.webshopper.testcases.FlyingTigerStorePageTest - clicking on submit button is success
2025-03-04 12:55:54 [main] INFO  com.mishipay.webshopper.testcases.FlyingTigerStorePageTest - clicking on basket button is success
2025-03-04 12:56:00 [main] INFO  com.mishipay.webshopper.testcases.FlyingTigerStorePageTest - waiting for donation pop up to appear
2025-03-04 12:56:06 [main] INFO  com.mishipay.webshopper.testcases.FlyingTigerStorePageTest - donation pop up to appear test executed successfully
2025-03-04 12:56:12 [main] INFO  com.mishipay.webshopper.testcases.FlyingTigerStorePageTest - fetching the text on the donation pop up
2025-03-04 12:56:13 [main] INFO  com.mishipay.webshopper.testcases.FlyingTigerStorePageTest - fetching the text on the donation pop up is successfullu executed 
2025-03-04 12:56:13 [main] INFO  com.mishipay.webshopper.testcases.FlyingTigerStorePageTest - clicking OK button on donation pop up test executing
Click successful
2025-03-04 12:56:15 [main] INFO  com.mishipay.webshopper.testcases.FlyingTigerStorePageTest - clicking OK button on donation pop up test executed successfully
2025-03-04 12:56:21 [main] INFO  com.mishipay.webshopper.testcases.FlyingTigerStorePageTest - waiting for checkout button to appear
2025-03-04 12:56:22 [main] INFO  com.mishipay.webshopper.testcases.FlyingTigerStorePageTest - clicked on checkout button successfully
2025-03-04 12:56:34 [main] INFO  com.mishipay.webshopper.testcases.FlyingTigerStorePageTest - clicked on checkout2 button successfully
2025-03-04 12:56:34 [main] INFO  com.mishipay.webshopper.testcases.FlyingTigerStorePageTest - app navigated to payment screen
2025-03-04 12:56:52 [main] INFO  com.mishipay.webshopper.testcases.FlyingTigerStorePageTest - waiting for payment screen to host
2025-03-04 12:56:52 [main] INFO  com.mishipay.webshopper.testcases.FlyingTigerStorePageTest - payment screen is hosted
2025-03-04 12:56:52 [main] INFO  com.mishipay.webshopper.testcases.FlyingTigerStorePageTest - Entering email: Harshitha@mishipay.com
2025-03-04 12:57:23 [main] INFO  com.mishipay.webshopper.testcases.FlyingTigerStorePageTest - Entering cardholder name: Test
2025-03-04 12:57:24 [main] INFO  com.mishipay.webshopper.testcases.FlyingTigerStorePageTest - Entering card number: 4147 4630 1111 0133
2025-03-04 12:57:30 [main] INFO  com.mishipay.webshopper.testcases.FlyingTigerStorePageTest - Entering expiry date: 12/28
2025-03-04 12:57:32 [main] INFO  com.mishipay.webshopper.testcases.FlyingTigerStorePageTest - Entering CVV: 454
2025-03-04 12:57:32 [main] INFO  com.mishipay.webshopper.testcases.FlyingTigerStorePageTest - Clicking pay button
]]></system-out>
  </testcase>
</testsuite>