<?xml version="1.0" encoding="UTF-8"?>
<!-- Generated by org.testng.reporters.JUnitReportReporter -->
<testsuite hostname="059-Harshitha-U-B.local" failures="0" tests="3" name="com.mishipay.webshopper.testcases.FTCTestClass" time="229.471" errors="0" timestamp="2025-03-15T19:50:51 IST" skipped="0">
  <testcase classname="com.mishipay.webshopper.testcases.FTCTestClass" name="verifyFTCStoreLogoIsDisplayed" time="39.408"/>
  <testcase classname="com.mishipay.webshopper.testcases.FTCTestClass" name="verifyItemCanBeAddedToBasket" time="86.748"/>
  <testcase classname="com.mishipay.webshopper.testcases.FTCTestClass" name="verifyDonationPopupAppears" time="103.315"/>
</testsuite> <!-- com.mishipay.webshopper.testcases.FTCTestClass -->
