<?xml version="1.0" encoding="UTF-8"?>
<!-- Generated by org.testng.reporters.JUnitReportReporter -->
<testsuite hostname="059-Harshitha-U-B.local" failures="0" tests="5" name="com.mishipay.webshopper.FTCTest" time="139.972" errors="0" timestamp="2025-03-17T17:02:56 IST" skipped="0">
  <testcase classname="com.mishipay.webshopper.FTCTest" name="verifyFTCStoreLogoIsDisplayed" time="9.056"/>
  <testcase classname="com.mishipay.webshopper.FTCTest" name="verifyFTCItemCanBeAddedToBasket" time="36.358"/>
  <testcase classname="com.mishipay.webshopper.FTCTest" name="verifyDonationPopupAppears" time="10.368"/>
  <testcase classname="com.mishipay.webshopper.FTCTest" name="verifyCheckoutButtonFunctionality" time="11.222"/>
  <testcase classname="com.mishipay.webshopper.FTCTest" name="verifyFTCPaymentScreenFunctionality" time="72.968"/>
</testsuite> <!-- com.mishipay.webshopper.FTCTest -->
