<?xml version="1.0" encoding="UTF-8"?>
<!-- Generated by org.testng.reporters.JUnitReportReporter -->
<testsuite hostname="059-Harshitha-U-B.local" failures="0" tests="2" name="com.mishipay.webshopper.testcases.TestDataDriven" time="84.824" errors="0" timestamp="2025-01-15T22:51:44 IST" skipped="0">
  <testcase classname="com.mishipay.webshopper.testcases.TestDataDriven" name="validateFTCStoreLogo" time="31.646"/>
  <testcase classname="com.mishipay.webshopper.testcases.TestDataDriven" name="validateAddItemToBasket" time="53.178"/>
</testsuite> <!-- com.mishipay.webshopper.testcases.TestDataDriven -->
