<?xml version="1.0" encoding="UTF-8"?>
<!-- Generated by org.testng.reporters.JUnitReportReporter -->
<testsuite hostname="059-Harshitha-U-B.local" failures="0" tests="5" name="com.mishipay.webshopper.testcases.FlyingTigerStorePageTest" time="145.243" errors="0" timestamp="2025-03-17T18:21:29 IST" skipped="0">
  <testcase classname="com.mishipay.webshopper.testcases.FlyingTigerStorePageTest" name="verifyFTCStoreLogoIsDisplayed" time="12.516"/>
  <testcase classname="com.mishipay.webshopper.testcases.FlyingTigerStorePageTest" name="verifyFTCItemCanBeAddedToBasket" time="36.725"/>
  <testcase classname="com.mishipay.webshopper.testcases.FlyingTigerStorePageTest" name="verifyDonationPopupAppears" time="10.743"/>
  <testcase classname="com.mishipay.webshopper.testcases.FlyingTigerStorePageTest" name="verifyCheckoutButtonFunctionality" time="10.370"/>
  <testcase classname="com.mishipay.webshopper.testcases.FlyingTigerStorePageTest" name="verifyFTCPaymentScreenFunctionality" time="74.889"/>
</testsuite> <!-- com.mishipay.webshopper.testcases.FlyingTigerStorePageTest -->
