<?xml version="1.0" encoding="UTF-8"?>
<!-- Generated by org.testng.reporters.JUnitReportReporter -->
<testsuite hostname="059-Harshitha-U-B.local" failures="0" tests="2" name="com.mishipay.webshopper.testcases.DDFStorePageTest" time="78.139" errors="0" timestamp="2025-03-01T12:31:12 IST" skipped="0">
  <testcase classname="com.mishipay.webshopper.testcases.DDFStorePageTest" name="validateDDFStoreLogo" time="29.603"/>
  <testcase classname="com.mishipay.webshopper.testcases.DDFStorePageTest" name="testBoardingPassInjection" time="48.536"/>
</testsuite> <!-- com.mishipay.webshopper.testcases.DDFStorePageTest -->
