<?xml version="1.0" encoding="UTF-8"?>
<!-- Generated by org.testng.reporters.JUnitReportReporter -->
<testsuite hostname="059-Harshitha-U-B.local" failures="0" tests="4" name="com.mishipay.webshopper.testcases.StoreLocatorPageTest" time="60.637" errors="0" timestamp="2024-12-22T22:39:28 IST" skipped="0">
  <testcase classname="com.mishipay.webshopper.testcases.StoreLocatorPageTest" name="storeLocatorPageTitleTest" time="7.945"/>
  <testcase classname="com.mishipay.webshopper.testcases.StoreLocatorPageTest" name="startScanTextTest" time="16.914"/>
  <testcase classname="com.mishipay.webshopper.testcases.StoreLocatorPageTest" name="acceptAllCookiesTest" time="17.687"/>
  <testcase classname="com.mishipay.webshopper.testcases.StoreLocatorPageTest" name="enableLocationAccessTest" time="18.091"/>
</testsuite> <!-- com.mishipay.webshopper.testcases.StoreLocatorPageTest -->
