<?xml version="1.0" encoding="UTF-8"?>
<!-- Generated by org.testng.reporters.JUnitReportReporter -->
<testsuite hostname="Mac" failures="0" tests="5" name="com.mishipay.webshopper.testcases.FlyingTigerStorePageTest" time="66.836" errors="0" timestamp="2025-03-24T17:36:15 IST" skipped="2">
  <testcase classname="com.mishipay.webshopper.testcases.FlyingTigerStorePageTest" name="verifyFTCStoreLogoIsDisplayed" time="14.532"/>
  <testcase classname="com.mishipay.webshopper.testcases.FlyingTigerStorePageTest" name="verifyFTCItemCanBeAddedToBasket" time="36.910"/>
  <testcase classname="com.mishipay.webshopper.testcases.FlyingTigerStorePageTest" name="verifyDonationPopupAppears" time="0.001">
    <skipped/>
  </testcase> <!-- verifyDonationPopupAppears -->
  <testcase classname="com.mishipay.webshopper.testcases.FlyingTigerStorePageTest" name="verifyCheckoutButtonFunctionality" time="15.391"/>
  <testcase classname="com.mishipay.webshopper.testcases.FlyingTigerStorePageTest" name="verifyFTCPaymentScreenFunctionality" time="0.002">
    <skipped/>
  </testcase> <!-- verifyFTCPaymentScreenFunctionality -->
</testsuite> <!-- com.mishipay.webshopper.testcases.FlyingTigerStorePageTest -->
