<?xml version="1.0" encoding="UTF-8"?>
<!-- Generated by org.testng.reporters.JUnitReportReporter -->
<testsuite hostname="059-Harshitha-U-B.local" failures="0" tests="5" name="com.mishipay.webshopper.testcases.FlyingTigerStorePageTest" time="549.451" errors="0" timestamp="2025-03-04T12:58:05 IST" skipped="0">
  <testcase classname="com.mishipay.webshopper.testcases.FlyingTigerStorePageTest" name="verifyFTCStoreLogoIsDisplayed" time="45.487"/>
  <testcase classname="com.mishipay.webshopper.testcases.FlyingTigerStorePageTest" name="verifyItemCanBeAddedToBasket" time="58.817"/>
  <testcase classname="com.mishipay.webshopper.testcases.FlyingTigerStorePageTest" name="verifyDonationPopupAppears" time="73.830"/>
  <testcase classname="com.mishipay.webshopper.testcases.FlyingTigerStorePageTest" name="verifyCheckoutButtonFunctionality" time="169.179"/>
  <testcase classname="com.mishipay.webshopper.testcases.FlyingTigerStorePageTest" name="verifyPaymentScreenFunctionality" time="202.138"/>
</testsuite> <!-- com.mishipay.webshopper.testcases.FlyingTigerStorePageTest -->
